2023-04-18T18:26:19.836+02:00  INFO 20376 --- [restartedMain] starlight.backend.StarlightApplication   : Starting StarlightApplication using Java 20 with PID 20376 (E:\IT\IDE\Projects\StarLight\target\classes started by sekre in E:\IT\IDE\Projects\StarLight)
2023-04-18T18:26:19.839+02:00  INFO 20376 --- [restartedMain] starlight.backend.StarlightApplication   : The following 1 profile is active: "local"
2023-04-18T18:26:19.917+02:00  INFO 20376 --- [restartedMain] .e.DevToolsPropertyDefaultsPostProcessor : Devtools property defaults active! Set 'spring.devtools.add-properties' to 'false' to disable
2023-04-18T18:26:19.917+02:00  INFO 20376 --- [restartedMain] .e.DevToolsPropertyDefaultsPostProcessor : For additional web related logging consider setting the 'logging.level.web' property to 'DEBUG'
2023-04-18T18:26:21.816+02:00  INFO 20376 --- [restartedMain] .s.d.r.c.RepositoryConfigurationDelegate : Multiple Spring Data modules found, entering strict repository configuration mode
2023-04-18T18:26:21.818+02:00  INFO 20376 --- [restartedMain] .s.d.r.c.RepositoryConfigurationDelegate : Bootstrapping Spring Data JDBC repositories in DEFAULT mode.
2023-04-18T18:26:21.871+02:00  INFO 20376 --- [restartedMain] .RepositoryConfigurationExtensionSupport : Spring Data JDBC - Could not safely identify store assignment for repository candidate interface starlight.backend.proof.ProofRepository; If you want this repository to be a JDBC repository, consider annotating your entities with one of these annotations: org.springframework.data.relational.core.mapping.Table.
2023-04-18T18:26:21.872+02:00  INFO 20376 --- [restartedMain] .RepositoryConfigurationExtensionSupport : Spring Data JDBC - Could not safely identify store assignment for repository candidate interface starlight.backend.user.repository.PositionRepository; If you want this repository to be a JDBC repository, consider annotating your entities with one of these annotations: org.springframework.data.relational.core.mapping.Table.
2023-04-18T18:26:21.872+02:00  INFO 20376 --- [restartedMain] .RepositoryConfigurationExtensionSupport : Spring Data JDBC - Could not safely identify store assignment for repository candidate interface starlight.backend.user.repository.UserRepository; If you want this repository to be a JDBC repository, consider annotating your entities with one of these annotations: org.springframework.data.relational.core.mapping.Table.
2023-04-18T18:26:21.873+02:00  INFO 20376 --- [restartedMain] .s.d.r.c.RepositoryConfigurationDelegate : Finished Spring Data repository scanning in 46 ms. Found 0 JDBC repository interfaces.
2023-04-18T18:26:21.885+02:00  INFO 20376 --- [restartedMain] .s.d.r.c.RepositoryConfigurationDelegate : Multiple Spring Data modules found, entering strict repository configuration mode
2023-04-18T18:26:21.887+02:00  INFO 20376 --- [restartedMain] .s.d.r.c.RepositoryConfigurationDelegate : Bootstrapping Spring Data JPA repositories in DEFAULT mode.
2023-04-18T18:26:21.977+02:00  INFO 20376 --- [restartedMain] .s.d.r.c.RepositoryConfigurationDelegate : Finished Spring Data repository scanning in 85 ms. Found 3 JPA repository interfaces.
2023-04-18T18:26:22.997+02:00  INFO 20376 --- [restartedMain] o.s.b.w.embedded.tomcat.TomcatWebServer  : Tomcat initialized with port(s): 8082 (http)
2023-04-18T18:26:23.012+02:00  INFO 20376 --- [restartedMain] o.apache.catalina.core.StandardService   : Starting service [Tomcat]
2023-04-18T18:26:23.012+02:00  INFO 20376 --- [restartedMain] o.apache.catalina.core.StandardEngine    : Starting Servlet engine: [Apache Tomcat/10.1.5]
2023-04-18T18:26:23.120+02:00  INFO 20376 --- [restartedMain] o.a.c.c.C.[Tomcat].[localhost].[/]       : Initializing Spring embedded WebApplicationContext
2023-04-18T18:26:23.121+02:00  INFO 20376 --- [restartedMain] w.s.c.ServletWebServerApplicationContext : Root WebApplicationContext: initialization completed in 3203 ms
2023-04-18T18:26:23.264+02:00  INFO 20376 --- [restartedMain] com.zaxxer.hikari.HikariDataSource       : HikariPool-1 - Starting...
2023-04-18T18:26:23.595+02:00  INFO 20376 --- [restartedMain] com.zaxxer.hikari.pool.HikariPool        : HikariPool-1 - Added connection org.postgresql.jdbc.PgConnection@773975bf
2023-04-18T18:26:23.596+02:00  INFO 20376 --- [restartedMain] com.zaxxer.hikari.HikariDataSource       : HikariPool-1 - Start completed.
2023-04-18T18:26:23.612+02:00  INFO 20376 --- [restartedMain] o.s.b.a.h2.H2ConsoleAutoConfiguration    : H2 console available at '/h2-console'. Database available at 'jdbc:postgresql://localhost:8083/dbname'
2023-04-18T18:26:24.123+02:00  INFO 20376 --- [restartedMain] liquibase.database                       : Set default schema name to public
2023-04-18T18:26:24.299+02:00  INFO 20376 --- [restartedMain] liquibase.lockservice                    : Successfully acquired change log lock
2023-04-18T18:26:24.760+02:00  INFO 20376 --- [restartedMain] liquibase.changelog                      : Creating database history table with name: public.databasechangelog
2023-04-18T18:26:24.771+02:00  INFO 20376 --- [restartedMain] liquibase.changelog                      : Reading from public.databasechangelog
2023-04-18T18:26:24.862+02:00  INFO 20376 --- [restartedMain] liquibase.changelog                      : ChangeSet classpath:/db/changelog/db.changelog-master.yaml::1::kate ran successfully in 4ms
2023-04-18T18:26:24.925+02:00  INFO 20376 --- [restartedMain] liquibase.changelog                      : Custom SQL executed
2023-04-18T18:26:24.928+02:00  INFO 20376 --- [restartedMain] liquibase.changelog                      : ChangeSet db/changelog/ddl/001_create_tables.sql::1::kate ran successfully in 57ms
2023-04-18T18:26:24.946+02:00  INFO 20376 --- [restartedMain] liquibase.changelog                      : Custom SQL executed
2023-04-18T18:26:24.949+02:00  INFO 20376 --- [restartedMain] liquibase.changelog                      : ChangeSet db/changelog/ddl/001_create_tables.sql::2::kate ran successfully in 16ms
2023-04-18T18:26:25.015+02:00  INFO 20376 --- [restartedMain] liquibase.changelog                      : Custom SQL executed
2023-04-18T18:26:25.018+02:00  INFO 20376 --- [restartedMain] liquibase.changelog                      : ChangeSet db/changelog/dml/001_insert_data_user.sql::inset-user-01::kate ran successfully in 65ms
2023-04-18T18:26:25.081+02:00  INFO 20376 --- [restartedMain] liquibase.changelog                      : Custom SQL executed
2023-04-18T18:26:25.083+02:00  INFO 20376 --- [restartedMain] liquibase.changelog                      : ChangeSet db/changelog/dml/002_insert_data_auth.sql::create-multiple-tables::kate ran successfully in 58ms
2023-04-18T18:26:25.151+02:00  INFO 20376 --- [restartedMain] liquibase.changelog                      : Custom SQL executed
2023-04-18T18:26:25.153+02:00  INFO 20376 --- [restartedMain] liquibase.changelog                      : ChangeSet db/changelog/dml/003_insert_data_position.sql::inset-position-01::kate ran successfully in 65ms
2023-04-18T18:26:25.161+02:00  INFO 20376 --- [restartedMain] liquibase.changelog                      : ChangeSet classpath:/db/changelog/db.changelog-master.yaml::2::kate ran successfully in 2ms
2023-04-18T18:26:25.215+02:00  INFO 20376 --- [restartedMain] liquibase.changelog                      : Custom SQL executed
2023-04-18T18:26:25.217+02:00  INFO 20376 --- [restartedMain] liquibase.changelog                      : ChangeSet db/changelog/dml/004_insert_data_proof.sql::inset-proof-01::kate ran successfully in 51ms
2023-04-18T18:26:25.227+02:00  INFO 20376 --- [restartedMain] liquibase.lockservice                    : Successfully released change log lock
2023-04-18T18:26:25.371+02:00  INFO 20376 --- [restartedMain] o.hibernate.jpa.internal.util.LogHelper  : HHH000204: Processing PersistenceUnitInfo [name: default]
2023-04-18T18:26:25.490+02:00  INFO 20376 --- [restartedMain] org.hibernate.Version                    : HHH000412: Hibernate ORM core version 6.1.7.Final
2023-04-18T18:26:26.003+02:00  INFO 20376 --- [restartedMain] SQL dialect                              : HHH000400: Using dialect: org.hibernate.dialect.PostgreSQLDialect
2023-04-18T18:26:27.326+02:00  INFO 20376 --- [restartedMain] o.h.e.t.j.p.i.JtaPlatformInitiator       : HHH000490: Using JtaPlatform implementation: [org.hibernate.engine.transaction.jta.platform.internal.NoJtaPlatform]
2023-04-18T18:26:27.342+02:00  INFO 20376 --- [restartedMain] j.LocalContainerEntityManagerFactoryBean : Initialized JPA EntityManagerFactory for persistence unit 'default'
2023-04-18T18:26:29.348+02:00  WARN 20376 --- [restartedMain] JpaBaseConfiguration$JpaWebConfiguration : spring.jpa.open-in-view is enabled by default. Therefore, database queries may be performed during view rendering. Explicitly configure spring.jpa.open-in-view to disable this warning
2023-04-18T18:26:29.920+02:00  INFO 20376 --- [restartedMain] o.s.b.a.e.web.EndpointLinksResolver      : Exposing 3 endpoint(s) beneath base path '/actuator'
2023-04-18T18:26:30.057+02:00  INFO 20376 --- [restartedMain] o.s.s.web.DefaultSecurityFilterChain     : Will secure any request with [org.springframework.security.web.session.DisableEncodeUrlFilter@35dcd5b, org.springframework.security.web.context.request.async.WebAsyncManagerIntegrationFilter@6977f0d4, org.springframework.security.web.context.SecurityContextHolderFilter@5b936c05, org.springframework.security.web.header.HeaderWriterFilter@7207d25f, org.springframework.web.filter.CorsFilter@4fb9c4d6, org.springframework.security.web.authentication.logout.LogoutFilter@7f64ecd5, org.springframework.security.oauth2.server.resource.web.authentication.BearerTokenAuthenticationFilter@3f23296d, org.springframework.security.web.authentication.www.BasicAuthenticationFilter@5c10fe35, org.springframework.security.web.savedrequest.RequestCacheAwareFilter@7853d195, org.springframework.security.web.servletapi.SecurityContextHolderAwareRequestFilter@7b5485d2, org.springframework.security.web.authentication.AnonymousAuthenticationFilter@7c53db4, org.springframework.security.web.session.SessionManagementFilter@2b3b2c77, org.springframework.security.web.access.ExceptionTranslationFilter@2def48f8, org.springframework.security.web.access.intercept.AuthorizationFilter@6a538aa7]
2023-04-18T18:26:30.686+02:00  INFO 20376 --- [restartedMain] o.s.b.d.a.OptionalLiveReloadServer       : LiveReload server is running on port 35729
2023-04-18T18:26:30.791+02:00  INFO 20376 --- [restartedMain] o.s.b.w.embedded.tomcat.TomcatWebServer  : Tomcat started on port(s): 8082 (http) with context path ''
2023-04-18T18:26:30.834+02:00  INFO 20376 --- [restartedMain] starlight.backend.StarlightApplication   : Started StarlightApplication in 11.894 seconds (process running for 13.854)
2023-04-18T18:26:31.434+02:00  INFO 20376 --- [RMI TCP Connection(5)-26.201.155.15] o.a.c.c.C.[Tomcat].[localhost].[/]       : Initializing Spring DispatcherServlet 'dispatcherServlet'
2023-04-18T18:26:31.434+02:00  INFO 20376 --- [RMI TCP Connection(5)-26.201.155.15] o.s.web.servlet.DispatcherServlet        : Initializing Servlet 'dispatcherServlet'
2023-04-18T18:26:31.436+02:00  INFO 20376 --- [RMI TCP Connection(5)-26.201.155.15] o.s.web.servlet.DispatcherServlet        : Completed initialization in 2 ms
2023-04-18T18:28:04.470+02:00  INFO 20376 --- [SpringApplicationShutdownHook] j.LocalContainerEntityManagerFactoryBean : Closing JPA EntityManagerFactory for persistence unit 'default'
2023-04-18T18:28:04.475+02:00  INFO 20376 --- [SpringApplicationShutdownHook] com.zaxxer.hikari.HikariDataSource       : HikariPool-1 - Shutdown initiated...
2023-04-18T18:28:04.480+02:00  INFO 20376 --- [SpringApplicationShutdownHook] com.zaxxer.hikari.HikariDataSource       : HikariPool-1 - Shutdown completed.
2023-04-18T18:28:15.838+02:00  INFO 27128 --- [restartedMain] starlight.backend.StarlightApplication   : Starting StarlightApplication using Java 20 with PID 27128 (E:\IT\IDE\Projects\StarLight\target\classes started by sekre in E:\IT\IDE\Projects\StarLight)
2023-04-18T18:28:15.842+02:00  INFO 27128 --- [restartedMain] starlight.backend.StarlightApplication   : The following 1 profile is active: "local"
2023-04-18T18:28:15.957+02:00  INFO 27128 --- [restartedMain] .e.DevToolsPropertyDefaultsPostProcessor : Devtools property defaults active! Set 'spring.devtools.add-properties' to 'false' to disable
2023-04-18T18:28:15.957+02:00  INFO 27128 --- [restartedMain] .e.DevToolsPropertyDefaultsPostProcessor : For additional web related logging consider setting the 'logging.level.web' property to 'DEBUG'
2023-04-18T18:28:17.910+02:00  INFO 27128 --- [restartedMain] .s.d.r.c.RepositoryConfigurationDelegate : Multiple Spring Data modules found, entering strict repository configuration mode
2023-04-18T18:28:17.912+02:00  INFO 27128 --- [restartedMain] .s.d.r.c.RepositoryConfigurationDelegate : Bootstrapping Spring Data JDBC repositories in DEFAULT mode.
2023-04-18T18:28:17.957+02:00  INFO 27128 --- [restartedMain] .RepositoryConfigurationExtensionSupport : Spring Data JDBC - Could not safely identify store assignment for repository candidate interface starlight.backend.proof.ProofRepository; If you want this repository to be a JDBC repository, consider annotating your entities with one of these annotations: org.springframework.data.relational.core.mapping.Table.
2023-04-18T18:28:17.959+02:00  INFO 27128 --- [restartedMain] .RepositoryConfigurationExtensionSupport : Spring Data JDBC - Could not safely identify store assignment for repository candidate interface starlight.backend.user.repository.PositionRepository; If you want this repository to be a JDBC repository, consider annotating your entities with one of these annotations: org.springframework.data.relational.core.mapping.Table.
2023-04-18T18:28:17.959+02:00  INFO 27128 --- [restartedMain] .RepositoryConfigurationExtensionSupport : Spring Data JDBC - Could not safely identify store assignment for repository candidate interface starlight.backend.user.repository.UserRepository; If you want this repository to be a JDBC repository, consider annotating your entities with one of these annotations: org.springframework.data.relational.core.mapping.Table.
2023-04-18T18:28:17.960+02:00  INFO 27128 --- [restartedMain] .s.d.r.c.RepositoryConfigurationDelegate : Finished Spring Data repository scanning in 43 ms. Found 0 JDBC repository interfaces.
2023-04-18T18:28:17.971+02:00  INFO 27128 --- [restartedMain] .s.d.r.c.RepositoryConfigurationDelegate : Multiple Spring Data modules found, entering strict repository configuration mode
2023-04-18T18:28:17.971+02:00  INFO 27128 --- [restartedMain] .s.d.r.c.RepositoryConfigurationDelegate : Bootstrapping Spring Data JPA repositories in DEFAULT mode.
2023-04-18T18:28:18.053+02:00  INFO 27128 --- [restartedMain] .s.d.r.c.RepositoryConfigurationDelegate : Finished Spring Data repository scanning in 75 ms. Found 3 JPA repository interfaces.
2023-04-18T18:28:19.008+02:00  INFO 27128 --- [restartedMain] o.s.b.w.embedded.tomcat.TomcatWebServer  : Tomcat initialized with port(s): 8082 (http)
2023-04-18T18:28:19.025+02:00  INFO 27128 --- [restartedMain] o.apache.catalina.core.StandardService   : Starting service [Tomcat]
2023-04-18T18:28:19.025+02:00  INFO 27128 --- [restartedMain] o.apache.catalina.core.StandardEngine    : Starting Servlet engine: [Apache Tomcat/10.1.5]
2023-04-18T18:28:19.127+02:00  INFO 27128 --- [restartedMain] o.a.c.c.C.[Tomcat].[localhost].[/]       : Initializing Spring embedded WebApplicationContext
2023-04-18T18:28:19.127+02:00  INFO 27128 --- [restartedMain] w.s.c.ServletWebServerApplicationContext : Root WebApplicationContext: initialization completed in 3169 ms
2023-04-18T18:28:19.288+02:00  INFO 27128 --- [restartedMain] com.zaxxer.hikari.HikariDataSource       : HikariPool-1 - Starting...
2023-04-18T18:28:19.534+02:00  INFO 27128 --- [restartedMain] com.zaxxer.hikari.pool.HikariPool        : HikariPool-1 - Added connection org.postgresql.jdbc.PgConnection@658dfbc7
2023-04-18T18:28:19.536+02:00  INFO 27128 --- [restartedMain] com.zaxxer.hikari.HikariDataSource       : HikariPool-1 - Start completed.
2023-04-18T18:28:19.552+02:00  INFO 27128 --- [restartedMain] o.s.b.a.h2.H2ConsoleAutoConfiguration    : H2 console available at '/h2-console'. Database available at 'jdbc:postgresql://localhost:8083/dbname'
2023-04-18T18:28:20.108+02:00  INFO 27128 --- [restartedMain] liquibase.database                       : Set default schema name to public
2023-04-18T18:28:20.250+02:00  INFO 27128 --- [restartedMain] liquibase.lockservice                    : Successfully acquired change log lock
2023-04-18T18:28:20.812+02:00  INFO 27128 --- [restartedMain] liquibase.changelog                      : Reading from public.databasechangelog
2023-04-18T18:28:20.921+02:00  INFO 27128 --- [restartedMain] liquibase.lockservice                    : Successfully released change log lock
2023-04-18T18:28:21.079+02:00  INFO 27128 --- [restartedMain] o.hibernate.jpa.internal.util.LogHelper  : HHH000204: Processing PersistenceUnitInfo [name: default]
2023-04-18T18:28:21.204+02:00  INFO 27128 --- [restartedMain] org.hibernate.Version                    : HHH000412: Hibernate ORM core version 6.1.7.Final
2023-04-18T18:28:21.720+02:00  INFO 27128 --- [restartedMain] SQL dialect                              : HHH000400: Using dialect: org.hibernate.dialect.PostgreSQLDialect
2023-04-18T18:28:23.271+02:00  INFO 27128 --- [restartedMain] o.h.e.t.j.p.i.JtaPlatformInitiator       : HHH000490: Using JtaPlatform implementation: [org.hibernate.engine.transaction.jta.platform.internal.NoJtaPlatform]
2023-04-18T18:28:23.286+02:00  INFO 27128 --- [restartedMain] j.LocalContainerEntityManagerFactoryBean : Initialized JPA EntityManagerFactory for persistence unit 'default'
2023-04-18T18:28:24.979+02:00  WARN 27128 --- [restartedMain] JpaBaseConfiguration$JpaWebConfiguration : spring.jpa.open-in-view is enabled by default. Therefore, database queries may be performed during view rendering. Explicitly configure spring.jpa.open-in-view to disable this warning
2023-04-18T18:28:25.547+02:00  INFO 27128 --- [restartedMain] o.s.b.a.e.web.EndpointLinksResolver      : Exposing 3 endpoint(s) beneath base path '/actuator'
2023-04-18T18:28:25.692+02:00  INFO 27128 --- [restartedMain] o.s.s.web.DefaultSecurityFilterChain     : Will secure any request with [org.springframework.security.web.session.DisableEncodeUrlFilter@61fc5f02, org.springframework.security.web.context.request.async.WebAsyncManagerIntegrationFilter@5b936c05, org.springframework.security.web.context.SecurityContextHolderFilter@1346ab8c, org.springframework.security.web.header.HeaderWriterFilter@a9cbf37, org.springframework.web.filter.CorsFilter@2939bb94, org.springframework.security.web.authentication.logout.LogoutFilter@720a6072, org.springframework.security.oauth2.server.resource.web.authentication.BearerTokenAuthenticationFilter@2b3b2c77, org.springframework.security.web.authentication.www.BasicAuthenticationFilter@4eaac39d, org.springframework.security.web.savedrequest.RequestCacheAwareFilter@6c1a5396, org.springframework.security.web.servletapi.SecurityContextHolderAwareRequestFilter@1f010529, org.springframework.security.web.authentication.AnonymousAuthenticationFilter@7853d195, org.springframework.security.web.session.SessionManagementFilter@ae06a7b, org.springframework.security.web.access.ExceptionTranslationFilter@4d86c58b, org.springframework.security.web.access.intercept.AuthorizationFilter@15940c01]
2023-04-18T18:28:26.336+02:00  INFO 27128 --- [restartedMain] o.s.b.d.a.OptionalLiveReloadServer       : LiveReload server is running on port 35729
2023-04-18T18:28:26.439+02:00  INFO 27128 --- [restartedMain] o.s.b.w.embedded.tomcat.TomcatWebServer  : Tomcat started on port(s): 8082 (http) with context path ''
2023-04-18T18:28:26.468+02:00  INFO 27128 --- [restartedMain] starlight.backend.StarlightApplication   : Started StarlightApplication in 11.364 seconds (process running for 12.862)
2023-04-18T18:28:26.921+02:00  INFO 27128 --- [RMI TCP Connection(2)-26.201.155.15] o.a.c.c.C.[Tomcat].[localhost].[/]       : Initializing Spring DispatcherServlet 'dispatcherServlet'
2023-04-18T18:28:26.921+02:00  INFO 27128 --- [RMI TCP Connection(2)-26.201.155.15] o.s.web.servlet.DispatcherServlet        : Initializing Servlet 'dispatcherServlet'
2023-04-18T18:28:26.923+02:00  INFO 27128 --- [RMI TCP Connection(2)-26.201.155.15] o.s.web.servlet.DispatcherServlet        : Completed initialization in 2 ms
2023-04-18T18:30:11.179+02:00  INFO 27128 --- [SpringApplicationShutdownHook] j.LocalContainerEntityManagerFactoryBean : Closing JPA EntityManagerFactory for persistence unit 'default'
2023-04-18T18:30:11.183+02:00  INFO 27128 --- [SpringApplicationShutdownHook] com.zaxxer.hikari.HikariDataSource       : HikariPool-1 - Shutdown initiated...
2023-04-18T18:30:11.187+02:00  INFO 27128 --- [SpringApplicationShutdownHook] com.zaxxer.hikari.HikariDataSource       : HikariPool-1 - Shutdown completed.
2023-04-18T18:30:15.569+02:00  INFO 8936 --- [restartedMain] starlight.backend.StarlightApplication   : Starting StarlightApplication using Java 20 with PID 8936 (E:\IT\IDE\Projects\StarLight\target\classes started by sekre in E:\IT\IDE\Projects\StarLight)
2023-04-18T18:30:15.573+02:00  INFO 8936 --- [restartedMain] starlight.backend.StarlightApplication   : The following 1 profile is active: "local"
2023-04-18T18:30:15.657+02:00  INFO 8936 --- [restartedMain] .e.DevToolsPropertyDefaultsPostProcessor : Devtools property defaults active! Set 'spring.devtools.add-properties' to 'false' to disable
2023-04-18T18:30:15.657+02:00  INFO 8936 --- [restartedMain] .e.DevToolsPropertyDefaultsPostProcessor : For additional web related logging consider setting the 'logging.level.web' property to 'DEBUG'
2023-04-18T18:30:17.488+02:00  INFO 8936 --- [restartedMain] .s.d.r.c.RepositoryConfigurationDelegate : Multiple Spring Data modules found, entering strict repository configuration mode
2023-04-18T18:30:17.489+02:00  INFO 8936 --- [restartedMain] .s.d.r.c.RepositoryConfigurationDelegate : Bootstrapping Spring Data JDBC repositories in DEFAULT mode.
2023-04-18T18:30:17.547+02:00  INFO 8936 --- [restartedMain] .RepositoryConfigurationExtensionSupport : Spring Data JDBC - Could not safely identify store assignment for repository candidate interface starlight.backend.proof.ProofRepository; If you want this repository to be a JDBC repository, consider annotating your entities with one of these annotations: org.springframework.data.relational.core.mapping.Table.
2023-04-18T18:30:17.550+02:00  INFO 8936 --- [restartedMain] .RepositoryConfigurationExtensionSupport : Spring Data JDBC - Could not safely identify store assignment for repository candidate interface starlight.backend.user.repository.PositionRepository; If you want this repository to be a JDBC repository, consider annotating your entities with one of these annotations: org.springframework.data.relational.core.mapping.Table.
2023-04-18T18:30:17.551+02:00  INFO 8936 --- [restartedMain] .RepositoryConfigurationExtensionSupport : Spring Data JDBC - Could not safely identify store assignment for repository candidate interface starlight.backend.user.repository.UserRepository; If you want this repository to be a JDBC repository, consider annotating your entities with one of these annotations: org.springframework.data.relational.core.mapping.Table.
2023-04-18T18:30:17.552+02:00  INFO 8936 --- [restartedMain] .s.d.r.c.RepositoryConfigurationDelegate : Finished Spring Data repository scanning in 55 ms. Found 0 JDBC repository interfaces.
2023-04-18T18:30:17.562+02:00  INFO 8936 --- [restartedMain] .s.d.r.c.RepositoryConfigurationDelegate : Multiple Spring Data modules found, entering strict repository configuration mode
2023-04-18T18:30:17.564+02:00  INFO 8936 --- [restartedMain] .s.d.r.c.RepositoryConfigurationDelegate : Bootstrapping Spring Data JPA repositories in DEFAULT mode.
2023-04-18T18:30:17.615+02:00  INFO 8936 --- [restartedMain] .s.d.r.c.RepositoryConfigurationDelegate : Finished Spring Data repository scanning in 46 ms. Found 3 JPA repository interfaces.
2023-04-18T18:30:18.627+02:00  INFO 8936 --- [restartedMain] o.s.b.w.embedded.tomcat.TomcatWebServer  : Tomcat initialized with port(s): 8082 (http)
2023-04-18T18:30:18.652+02:00  INFO 8936 --- [restartedMain] o.apache.catalina.core.StandardService   : Starting service [Tomcat]
2023-04-18T18:30:18.652+02:00  INFO 8936 --- [restartedMain] o.apache.catalina.core.StandardEngine    : Starting Servlet engine: [Apache Tomcat/10.1.5]
2023-04-18T18:30:18.757+02:00  INFO 8936 --- [restartedMain] o.a.c.c.C.[Tomcat].[localhost].[/]       : Initializing Spring embedded WebApplicationContext
2023-04-18T18:30:18.757+02:00  INFO 8936 --- [restartedMain] w.s.c.ServletWebServerApplicationContext : Root WebApplicationContext: initialization completed in 3099 ms
2023-04-18T18:30:18.969+02:00  INFO 8936 --- [restartedMain] com.zaxxer.hikari.HikariDataSource       : HikariPool-1 - Starting...
2023-04-18T18:30:19.203+02:00  INFO 8936 --- [restartedMain] com.zaxxer.hikari.pool.HikariPool        : HikariPool-1 - Added connection org.postgresql.jdbc.PgConnection@7d37a26d
2023-04-18T18:30:19.206+02:00  INFO 8936 --- [restartedMain] com.zaxxer.hikari.HikariDataSource       : HikariPool-1 - Start completed.
2023-04-18T18:30:19.224+02:00  INFO 8936 --- [restartedMain] o.s.b.a.h2.H2ConsoleAutoConfiguration    : H2 console available at '/h2-console'. Database available at 'jdbc:postgresql://localhost:8083/dbname'
2023-04-18T18:30:19.775+02:00  INFO 8936 --- [restartedMain] liquibase.database                       : Set default schema name to public
2023-04-18T18:30:19.931+02:00  INFO 8936 --- [restartedMain] liquibase.lockservice                    : Successfully acquired change log lock
2023-04-18T18:30:20.342+02:00  INFO 8936 --- [restartedMain] liquibase.changelog                      : Reading from public.databasechangelog
2023-04-18T18:30:20.445+02:00  INFO 8936 --- [restartedMain] liquibase.lockservice                    : Successfully released change log lock
2023-04-18T18:30:20.569+02:00  INFO 8936 --- [restartedMain] o.hibernate.jpa.internal.util.LogHelper  : HHH000204: Processing PersistenceUnitInfo [name: default]
2023-04-18T18:30:20.646+02:00  INFO 8936 --- [restartedMain] org.hibernate.Version                    : HHH000412: Hibernate ORM core version 6.1.7.Final
2023-04-18T18:30:21.069+02:00  INFO 8936 --- [restartedMain] SQL dialect                              : HHH000400: Using dialect: org.hibernate.dialect.PostgreSQLDialect
2023-04-18T18:30:22.471+02:00  INFO 8936 --- [restartedMain] o.h.e.t.j.p.i.JtaPlatformInitiator       : HHH000490: Using JtaPlatform implementation: [org.hibernate.engine.transaction.jta.platform.internal.NoJtaPlatform]
2023-04-18T18:30:22.486+02:00  INFO 8936 --- [restartedMain] j.LocalContainerEntityManagerFactoryBean : Initialized JPA EntityManagerFactory for persistence unit 'default'
2023-04-18T18:30:24.012+02:00  WARN 8936 --- [restartedMain] JpaBaseConfiguration$JpaWebConfiguration : spring.jpa.open-in-view is enabled by default. Therefore, database queries may be performed during view rendering. Explicitly configure spring.jpa.open-in-view to disable this warning
2023-04-18T18:30:24.639+02:00  INFO 8936 --- [restartedMain] o.s.b.a.e.web.EndpointLinksResolver      : Exposing 4 endpoint(s) beneath base path '/actuator'
2023-04-18T18:30:24.787+02:00  INFO 8936 --- [restartedMain] o.s.s.web.DefaultSecurityFilterChain     : Will secure any request with [org.springframework.security.web.session.DisableEncodeUrlFilter@5baa2db2, org.springframework.security.web.context.request.async.WebAsyncManagerIntegrationFilter@4bad1883, org.springframework.security.web.context.SecurityContextHolderFilter@4fc274f4, org.springframework.security.web.header.HeaderWriterFilter@3194363, org.springframework.web.filter.CorsFilter@231e795a, org.springframework.security.web.authentication.logout.LogoutFilter@4264fbb7, org.springframework.security.oauth2.server.resource.web.authentication.BearerTokenAuthenticationFilter@5607cb9f, org.springframework.security.web.authentication.www.BasicAuthenticationFilter@525c8700, org.springframework.security.web.savedrequest.RequestCacheAwareFilter@318afc75, org.springframework.security.web.servletapi.SecurityContextHolderAwareRequestFilter@4deb4591, org.springframework.security.web.authentication.AnonymousAuthenticationFilter@79c88b40, org.springframework.security.web.session.SessionManagementFilter@1066acdd, org.springframework.security.web.access.ExceptionTranslationFilter@279527f7, org.springframework.security.web.access.intercept.AuthorizationFilter@4bc54762]
2023-04-18T18:30:25.492+02:00  INFO 8936 --- [restartedMain] o.s.b.d.a.OptionalLiveReloadServer       : LiveReload server is running on port 35729
2023-04-18T18:30:25.607+02:00  INFO 8936 --- [restartedMain] o.s.b.w.embedded.tomcat.TomcatWebServer  : Tomcat started on port(s): 8082 (http) with context path ''
2023-04-18T18:30:25.631+02:00  INFO 8936 --- [restartedMain] starlight.backend.StarlightApplication   : Started StarlightApplication in 10.74 seconds (process running for 12.011)
2023-04-18T18:30:26.100+02:00  INFO 8936 --- [RMI TCP Connection(3)-26.201.155.15] o.a.c.c.C.[Tomcat].[localhost].[/]       : Initializing Spring DispatcherServlet 'dispatcherServlet'
2023-04-18T18:30:26.101+02:00  INFO 8936 --- [RMI TCP Connection(3)-26.201.155.15] o.s.web.servlet.DispatcherServlet        : Initializing Servlet 'dispatcherServlet'
2023-04-18T18:30:26.104+02:00  INFO 8936 --- [RMI TCP Connection(3)-26.201.155.15] o.s.web.servlet.DispatcherServlet        : Completed initialization in 3 ms
2023-04-18T18:30:50.918+02:00  INFO 8936 --- [http-nio-8082-exec-1] liquibase.database                       : Set default schema name to public
2023-04-18T18:30:50.919+02:00  INFO 8936 --- [http-nio-8082-exec-1] liquibase.changelog                      : Reading from public.databasechangelog
2023-04-18T18:32:16.604+02:00  INFO 8936 --- [http-nio-8082-exec-5] liquibase.database                       : Set default schema name to public
2023-04-18T18:32:16.606+02:00  INFO 8936 --- [http-nio-8082-exec-5] liquibase.changelog                      : Reading from public.databasechangelog
2023-04-18T18:34:37.066+02:00  INFO 8936 --- [SpringApplicationShutdownHook] j.LocalContainerEntityManagerFactoryBean : Closing JPA EntityManagerFactory for persistence unit 'default'
2023-04-18T18:34:37.071+02:00  INFO 8936 --- [SpringApplicationShutdownHook] com.zaxxer.hikari.HikariDataSource       : HikariPool-1 - Shutdown initiated...
2023-04-18T18:34:37.075+02:00  INFO 8936 --- [SpringApplicationShutdownHook] com.zaxxer.hikari.HikariDataSource       : HikariPool-1 - Shutdown completed.
2023-04-18T18:34:41.454+02:00  INFO 8508 --- [restartedMain] starlight.backend.StarlightApplication   : Starting StarlightApplication using Java 20 with PID 8508 (E:\IT\IDE\Projects\StarLight\target\classes started by sekre in E:\IT\IDE\Projects\StarLight)
2023-04-18T18:34:41.457+02:00  INFO 8508 --- [restartedMain] starlight.backend.StarlightApplication   : The following 1 profile is active: "local"
2023-04-18T18:34:41.530+02:00  INFO 8508 --- [restartedMain] .e.DevToolsPropertyDefaultsPostProcessor : Devtools property defaults active! Set 'spring.devtools.add-properties' to 'false' to disable
2023-04-18T18:34:41.531+02:00  INFO 8508 --- [restartedMain] .e.DevToolsPropertyDefaultsPostProcessor : For additional web related logging consider setting the 'logging.level.web' property to 'DEBUG'
2023-04-18T18:34:42.998+02:00  INFO 8508 --- [restartedMain] .s.d.r.c.RepositoryConfigurationDelegate : Multiple Spring Data modules found, entering strict repository configuration mode
2023-04-18T18:34:42.999+02:00  INFO 8508 --- [restartedMain] .s.d.r.c.RepositoryConfigurationDelegate : Bootstrapping Spring Data JDBC repositories in DEFAULT mode.
2023-04-18T18:34:43.045+02:00  INFO 8508 --- [restartedMain] .RepositoryConfigurationExtensionSupport : Spring Data JDBC - Could not safely identify store assignment for repository candidate interface starlight.backend.proof.ProofRepository; If you want this repository to be a JDBC repository, consider annotating your entities with one of these annotations: org.springframework.data.relational.core.mapping.Table.
2023-04-18T18:34:43.047+02:00  INFO 8508 --- [restartedMain] .RepositoryConfigurationExtensionSupport : Spring Data JDBC - Could not safely identify store assignment for repository candidate interface starlight.backend.user.repository.PositionRepository; If you want this repository to be a JDBC repository, consider annotating your entities with one of these annotations: org.springframework.data.relational.core.mapping.Table.
2023-04-18T18:34:43.048+02:00  INFO 8508 --- [restartedMain] .RepositoryConfigurationExtensionSupport : Spring Data JDBC - Could not safely identify store assignment for repository candidate interface starlight.backend.user.repository.UserRepository; If you want this repository to be a JDBC repository, consider annotating your entities with one of these annotations: org.springframework.data.relational.core.mapping.Table.
2023-04-18T18:34:43.049+02:00  INFO 8508 --- [restartedMain] .s.d.r.c.RepositoryConfigurationDelegate : Finished Spring Data repository scanning in 43 ms. Found 0 JDBC repository interfaces.
2023-04-18T18:34:43.058+02:00  INFO 8508 --- [restartedMain] .s.d.r.c.RepositoryConfigurationDelegate : Multiple Spring Data modules found, entering strict repository configuration mode
2023-04-18T18:34:43.059+02:00  INFO 8508 --- [restartedMain] .s.d.r.c.RepositoryConfigurationDelegate : Bootstrapping Spring Data JPA repositories in DEFAULT mode.
2023-04-18T18:34:43.101+02:00  INFO 8508 --- [restartedMain] .s.d.r.c.RepositoryConfigurationDelegate : Finished Spring Data repository scanning in 37 ms. Found 3 JPA repository interfaces.
2023-04-18T18:34:43.944+02:00  INFO 8508 --- [restartedMain] o.s.b.w.embedded.tomcat.TomcatWebServer  : Tomcat initialized with port(s): 8082 (http)
2023-04-18T18:34:43.958+02:00  INFO 8508 --- [restartedMain] o.apache.catalina.core.StandardService   : Starting service [Tomcat]
2023-04-18T18:34:43.958+02:00  INFO 8508 --- [restartedMain] o.apache.catalina.core.StandardEngine    : Starting Servlet engine: [Apache Tomcat/10.1.5]
2023-04-18T18:34:44.044+02:00  INFO 8508 --- [restartedMain] o.a.c.c.C.[Tomcat].[localhost].[/]       : Initializing Spring embedded WebApplicationContext
2023-04-18T18:34:44.045+02:00  INFO 8508 --- [restartedMain] w.s.c.ServletWebServerApplicationContext : Root WebApplicationContext: initialization completed in 2514 ms
2023-04-18T18:34:44.284+02:00  INFO 8508 --- [restartedMain] com.zaxxer.hikari.HikariDataSource       : HikariPool-1 - Starting...
2023-04-18T18:34:44.510+02:00  INFO 8508 --- [restartedMain] com.zaxxer.hikari.pool.HikariPool        : HikariPool-1 - Added connection org.postgresql.jdbc.PgConnection@f6d7b57
2023-04-18T18:34:44.512+02:00  INFO 8508 --- [restartedMain] com.zaxxer.hikari.HikariDataSource       : HikariPool-1 - Start completed.
2023-04-18T18:34:44.527+02:00  INFO 8508 --- [restartedMain] o.s.b.a.h2.H2ConsoleAutoConfiguration    : H2 console available at '/h2-console'. Database available at 'jdbc:postgresql://localhost:8083/dbname'
2023-04-18T18:34:44.945+02:00  INFO 8508 --- [restartedMain] liquibase.database                       : Set default schema name to public
2023-04-18T18:34:45.057+02:00  INFO 8508 --- [restartedMain] liquibase.lockservice                    : Successfully acquired change log lock
2023-04-18T18:34:45.370+02:00  INFO 8508 --- [restartedMain] liquibase.changelog                      : Reading from public.databasechangelog
2023-04-18T18:34:45.458+02:00  INFO 8508 --- [restartedMain] liquibase.lockservice                    : Successfully released change log lock
2023-04-18T18:34:45.583+02:00  INFO 8508 --- [restartedMain] o.hibernate.jpa.internal.util.LogHelper  : HHH000204: Processing PersistenceUnitInfo [name: default]
2023-04-18T18:34:45.660+02:00  INFO 8508 --- [restartedMain] org.hibernate.Version                    : HHH000412: Hibernate ORM core version 6.1.7.Final
2023-04-18T18:34:46.043+02:00  INFO 8508 --- [restartedMain] SQL dialect                              : HHH000400: Using dialect: org.hibernate.dialect.PostgreSQLDialect
2023-04-18T18:34:47.299+02:00  INFO 8508 --- [restartedMain] o.h.e.t.j.p.i.JtaPlatformInitiator       : HHH000490: Using JtaPlatform implementation: [org.hibernate.engine.transaction.jta.platform.internal.NoJtaPlatform]
2023-04-18T18:34:47.314+02:00  INFO 8508 --- [restartedMain] j.LocalContainerEntityManagerFactoryBean : Initialized JPA EntityManagerFactory for persistence unit 'default'
2023-04-18T18:34:48.751+02:00  WARN 8508 --- [restartedMain] JpaBaseConfiguration$JpaWebConfiguration : spring.jpa.open-in-view is enabled by default. Therefore, database queries may be performed during view rendering. Explicitly configure spring.jpa.open-in-view to disable this warning
2023-04-18T18:34:49.273+02:00  INFO 8508 --- [restartedMain] o.s.b.a.e.web.EndpointLinksResolver      : Exposing 4 endpoint(s) beneath base path '/actuator'
2023-04-18T18:34:49.428+02:00  INFO 8508 --- [restartedMain] o.s.s.web.DefaultSecurityFilterChain     : Will secure any request with [org.springframework.security.web.session.DisableEncodeUrlFilter@7af05af0, org.springframework.security.web.context.request.async.WebAsyncManagerIntegrationFilter@795dab28, org.springframework.security.web.context.SecurityContextHolderFilter@4f84a531, org.springframework.security.web.header.HeaderWriterFilter@227e2d44, org.springframework.web.filter.CorsFilter@7a7e62f9, org.springframework.security.web.authentication.logout.LogoutFilter@387106ca, org.springframework.security.oauth2.server.resource.web.authentication.BearerTokenAuthenticationFilter@2794869c, org.springframework.security.web.authentication.www.BasicAuthenticationFilter@67503adc, org.springframework.security.web.savedrequest.RequestCacheAwareFilter@3d88932d, org.springframework.security.web.servletapi.SecurityContextHolderAwareRequestFilter@2f001b28, org.springframework.security.web.authentication.AnonymousAuthenticationFilter@295b48e0, org.springframework.security.web.session.SessionManagementFilter@32ff2730, org.springframework.security.web.access.ExceptionTranslationFilter@6c689929, org.springframework.security.web.access.intercept.AuthorizationFilter@3fea1259]
2023-04-18T18:34:50.020+02:00  INFO 8508 --- [restartedMain] o.s.b.d.a.OptionalLiveReloadServer       : LiveReload server is running on port 35729
2023-04-18T18:34:50.112+02:00  INFO 8508 --- [restartedMain] o.s.b.w.embedded.tomcat.TomcatWebServer  : Tomcat started on port(s): 8082 (http) with context path ''
2023-04-18T18:34:50.132+02:00  INFO 8508 --- [restartedMain] starlight.backend.StarlightApplication   : Started StarlightApplication in 9.35 seconds (process running for 10.424)
2023-04-18T18:34:50.724+02:00  INFO 8508 --- [RMI TCP Connection(2)-26.201.155.15] o.a.c.c.C.[Tomcat].[localhost].[/]       : Initializing Spring DispatcherServlet 'dispatcherServlet'
2023-04-18T18:34:50.725+02:00  INFO 8508 --- [RMI TCP Connection(2)-26.201.155.15] o.s.web.servlet.DispatcherServlet        : Initializing Servlet 'dispatcherServlet'
2023-04-18T18:34:50.727+02:00  INFO 8508 --- [RMI TCP Connection(2)-26.201.155.15] o.s.web.servlet.DispatcherServlet        : Completed initialization in 2 ms
2023-04-18T18:37:26.710+02:00  INFO 8508 --- [SpringApplicationShutdownHook] j.LocalContainerEntityManagerFactoryBean : Closing JPA EntityManagerFactory for persistence unit 'default'
2023-04-18T18:37:26.716+02:00  INFO 8508 --- [SpringApplicationShutdownHook] com.zaxxer.hikari.HikariDataSource       : HikariPool-1 - Shutdown initiated...
2023-04-18T18:37:26.722+02:00  INFO 8508 --- [SpringApplicationShutdownHook] com.zaxxer.hikari.HikariDataSource       : HikariPool-1 - Shutdown completed.
2023-04-18T18:37:30.353+02:00  INFO 3692 --- [restartedMain] starlight.backend.StarlightApplication   : Starting StarlightApplication using Java 20 with PID 3692 (E:\IT\IDE\Projects\StarLight\target\classes started by sekre in E:\IT\IDE\Projects\StarLight)
2023-04-18T18:37:30.355+02:00  INFO 3692 --- [restartedMain] starlight.backend.StarlightApplication   : The following 1 profile is active: "local"
2023-04-18T18:37:30.427+02:00  INFO 3692 --- [restartedMain] .e.DevToolsPropertyDefaultsPostProcessor : Devtools property defaults active! Set 'spring.devtools.add-properties' to 'false' to disable
2023-04-18T18:37:30.427+02:00  INFO 3692 --- [restartedMain] .e.DevToolsPropertyDefaultsPostProcessor : For additional web related logging consider setting the 'logging.level.web' property to 'DEBUG'
2023-04-18T18:37:31.775+02:00  INFO 3692 --- [restartedMain] .s.d.r.c.RepositoryConfigurationDelegate : Multiple Spring Data modules found, entering strict repository configuration mode
2023-04-18T18:37:31.776+02:00  INFO 3692 --- [restartedMain] .s.d.r.c.RepositoryConfigurationDelegate : Bootstrapping Spring Data JDBC repositories in DEFAULT mode.
2023-04-18T18:37:31.819+02:00  INFO 3692 --- [restartedMain] .RepositoryConfigurationExtensionSupport : Spring Data JDBC - Could not safely identify store assignment for repository candidate interface starlight.backend.proof.ProofRepository; If you want this repository to be a JDBC repository, consider annotating your entities with one of these annotations: org.springframework.data.relational.core.mapping.Table.
2023-04-18T18:37:31.821+02:00  INFO 3692 --- [restartedMain] .RepositoryConfigurationExtensionSupport : Spring Data JDBC - Could not safely identify store assignment for repository candidate interface starlight.backend.user.repository.PositionRepository; If you want this repository to be a JDBC repository, consider annotating your entities with one of these annotations: org.springframework.data.relational.core.mapping.Table.
2023-04-18T18:37:31.821+02:00  INFO 3692 --- [restartedMain] .RepositoryConfigurationExtensionSupport : Spring Data JDBC - Could not safely identify store assignment for repository candidate interface starlight.backend.user.repository.UserRepository; If you want this repository to be a JDBC repository, consider annotating your entities with one of these annotations: org.springframework.data.relational.core.mapping.Table.
2023-04-18T18:37:31.822+02:00  INFO 3692 --- [restartedMain] .s.d.r.c.RepositoryConfigurationDelegate : Finished Spring Data repository scanning in 39 ms. Found 0 JDBC repository interfaces.
2023-04-18T18:37:31.831+02:00  INFO 3692 --- [restartedMain] .s.d.r.c.RepositoryConfigurationDelegate : Multiple Spring Data modules found, entering strict repository configuration mode
2023-04-18T18:37:31.832+02:00  INFO 3692 --- [restartedMain] .s.d.r.c.RepositoryConfigurationDelegate : Bootstrapping Spring Data JPA repositories in DEFAULT mode.
2023-04-18T18:37:31.872+02:00  INFO 3692 --- [restartedMain] .s.d.r.c.RepositoryConfigurationDelegate : Finished Spring Data repository scanning in 36 ms. Found 3 JPA repository interfaces.
2023-04-18T18:37:32.670+02:00  INFO 3692 --- [restartedMain] o.s.b.w.embedded.tomcat.TomcatWebServer  : Tomcat initialized with port(s): 8082 (http)
2023-04-18T18:37:32.688+02:00  INFO 3692 --- [restartedMain] o.apache.catalina.core.StandardService   : Starting service [Tomcat]
2023-04-18T18:37:32.688+02:00  INFO 3692 --- [restartedMain] o.apache.catalina.core.StandardEngine    : Starting Servlet engine: [Apache Tomcat/10.1.5]
2023-04-18T18:37:32.775+02:00  INFO 3692 --- [restartedMain] o.a.c.c.C.[Tomcat].[localhost].[/]       : Initializing Spring embedded WebApplicationContext
2023-04-18T18:37:32.775+02:00  INFO 3692 --- [restartedMain] w.s.c.ServletWebServerApplicationContext : Root WebApplicationContext: initialization completed in 2347 ms
2023-04-18T18:37:32.910+02:00  INFO 3692 --- [restartedMain] com.zaxxer.hikari.HikariDataSource       : HikariPool-1 - Starting...
2023-04-18T18:37:33.091+02:00  INFO 3692 --- [restartedMain] com.zaxxer.hikari.pool.HikariPool        : HikariPool-1 - Added connection org.postgresql.jdbc.PgConnection@62656459
2023-04-18T18:37:33.094+02:00  INFO 3692 --- [restartedMain] com.zaxxer.hikari.HikariDataSource       : HikariPool-1 - Start completed.
2023-04-18T18:37:33.109+02:00  INFO 3692 --- [restartedMain] o.s.b.a.h2.H2ConsoleAutoConfiguration    : H2 console available at '/h2-console'. Database available at 'jdbc:postgresql://localhost:8083/dbname'
2023-04-18T18:37:33.472+02:00  INFO 3692 --- [restartedMain] liquibase.database                       : Set default schema name to public
2023-04-18T18:37:33.589+02:00  INFO 3692 --- [restartedMain] liquibase.lockservice                    : Successfully acquired change log lock
2023-04-18T18:37:33.930+02:00  INFO 3692 --- [restartedMain] liquibase.changelog                      : Reading from public.databasechangelog
2023-04-18T18:37:34.014+02:00  INFO 3692 --- [restartedMain] liquibase.lockservice                    : Successfully released change log lock
2023-04-18T18:37:34.114+02:00  INFO 3692 --- [restartedMain] o.hibernate.jpa.internal.util.LogHelper  : HHH000204: Processing PersistenceUnitInfo [name: default]
2023-04-18T18:37:34.199+02:00  INFO 3692 --- [restartedMain] org.hibernate.Version                    : HHH000412: Hibernate ORM core version 6.1.7.Final
2023-04-18T18:37:34.599+02:00  INFO 3692 --- [restartedMain] SQL dialect                              : HHH000400: Using dialect: org.hibernate.dialect.PostgreSQLDialect
2023-04-18T18:37:35.948+02:00  INFO 3692 --- [restartedMain] o.h.e.t.j.p.i.JtaPlatformInitiator       : HHH000490: Using JtaPlatform implementation: [org.hibernate.engine.transaction.jta.platform.internal.NoJtaPlatform]
2023-04-18T18:37:35.964+02:00  INFO 3692 --- [restartedMain] j.LocalContainerEntityManagerFactoryBean : Initialized JPA EntityManagerFactory for persistence unit 'default'
2023-04-18T18:37:37.964+02:00  WARN 3692 --- [restartedMain] JpaBaseConfiguration$JpaWebConfiguration : spring.jpa.open-in-view is enabled by default. Therefore, database queries may be performed during view rendering. Explicitly configure spring.jpa.open-in-view to disable this warning
2023-04-18T18:37:38.593+02:00  INFO 3692 --- [restartedMain] o.s.b.a.e.web.EndpointLinksResolver      : Exposing 5 endpoint(s) beneath base path '/actuator'
2023-04-18T18:37:38.745+02:00  INFO 3692 --- [restartedMain] o.s.s.web.DefaultSecurityFilterChain     : Will secure any request with [org.springframework.security.web.session.DisableEncodeUrlFilter@4423954a, org.springframework.security.web.context.request.async.WebAsyncManagerIntegrationFilter@7362c159, org.springframework.security.web.context.SecurityContextHolderFilter@16e69914, org.springframework.security.web.header.HeaderWriterFilter@7b078ef, org.springframework.web.filter.CorsFilter@32c5fbd, org.springframework.security.web.authentication.logout.LogoutFilter@3b3b708a, org.springframework.security.oauth2.server.resource.web.authentication.BearerTokenAuthenticationFilter@84f0e36, org.springframework.security.web.authentication.www.BasicAuthenticationFilter@3f1bd3c5, org.springframework.security.web.savedrequest.RequestCacheAwareFilter@2be5022, org.springframework.security.web.servletapi.SecurityContextHolderAwareRequestFilter@387106ca, org.springframework.security.web.authentication.AnonymousAuthenticationFilter@6a1d8462, org.springframework.security.web.session.SessionManagementFilter@18e395a, org.springframework.security.web.access.ExceptionTranslationFilter@40e7ece7, org.springframework.security.web.access.intercept.AuthorizationFilter@268d003e]
2023-04-18T18:37:39.357+02:00  INFO 3692 --- [restartedMain] o.s.b.d.a.OptionalLiveReloadServer       : LiveReload server is running on port 35729
2023-04-18T18:37:39.451+02:00  INFO 3692 --- [restartedMain] o.s.b.w.embedded.tomcat.TomcatWebServer  : Tomcat started on port(s): 8082 (http) with context path ''
2023-04-18T18:37:39.468+02:00  INFO 3692 --- [restartedMain] starlight.backend.StarlightApplication   : Started StarlightApplication in 9.714 seconds (process running for 10.68)
2023-04-18T18:37:39.784+02:00  INFO 3692 --- [RMI TCP Connection(7)-26.201.155.15] o.a.c.c.C.[Tomcat].[localhost].[/]       : Initializing Spring DispatcherServlet 'dispatcherServlet'
2023-04-18T18:37:39.785+02:00  INFO 3692 --- [RMI TCP Connection(7)-26.201.155.15] o.s.web.servlet.DispatcherServlet        : Initializing Servlet 'dispatcherServlet'
2023-04-18T18:37:39.786+02:00  INFO 3692 --- [RMI TCP Connection(7)-26.201.155.15] o.s.web.servlet.DispatcherServlet        : Completed initialization in 1 ms
2023-04-18T18:38:27.988+02:00  INFO 3692 --- [http-nio-8082-exec-2] liquibase.database                       : Set default schema name to public
2023-04-18T18:38:27.990+02:00  INFO 3692 --- [http-nio-8082-exec-2] liquibase.changelog                      : Reading from public.databasechangelog
2023-04-18T18:45:47.629+02:00  INFO 3692 --- [SpringApplicationShutdownHook] j.LocalContainerEntityManagerFactoryBean : Closing JPA EntityManagerFactory for persistence unit 'default'
2023-04-18T18:45:47.633+02:00  INFO 3692 --- [SpringApplicationShutdownHook] com.zaxxer.hikari.HikariDataSource       : HikariPool-1 - Shutdown initiated...
2023-04-18T18:45:47.640+02:00  INFO 3692 --- [SpringApplicationShutdownHook] com.zaxxer.hikari.HikariDataSource       : HikariPool-1 - Shutdown completed.
2023-04-18T18:45:52.282+02:00  INFO 27164 --- [restartedMain] starlight.backend.StarlightApplication   : Starting StarlightApplication using Java 20 with PID 27164 (E:\IT\IDE\Projects\StarLight\target\classes started by sekre in E:\IT\IDE\Projects\StarLight)
2023-04-18T18:45:52.285+02:00  INFO 27164 --- [restartedMain] starlight.backend.StarlightApplication   : The following 1 profile is active: "local"
2023-04-18T18:45:52.355+02:00  INFO 27164 --- [restartedMain] .e.DevToolsPropertyDefaultsPostProcessor : Devtools property defaults active! Set 'spring.devtools.add-properties' to 'false' to disable
2023-04-18T18:45:52.355+02:00  INFO 27164 --- [restartedMain] .e.DevToolsPropertyDefaultsPostProcessor : For additional web related logging consider setting the 'logging.level.web' property to 'DEBUG'
2023-04-18T18:45:53.696+02:00  INFO 27164 --- [restartedMain] .s.d.r.c.RepositoryConfigurationDelegate : Multiple Spring Data modules found, entering strict repository configuration mode
2023-04-18T18:45:53.697+02:00  INFO 27164 --- [restartedMain] .s.d.r.c.RepositoryConfigurationDelegate : Bootstrapping Spring Data JDBC repositories in DEFAULT mode.
2023-04-18T18:45:53.742+02:00  INFO 27164 --- [restartedMain] .RepositoryConfigurationExtensionSupport : Spring Data JDBC - Could not safely identify store assignment for repository candidate interface starlight.backend.proof.ProofRepository; If you want this repository to be a JDBC repository, consider annotating your entities with one of these annotations: org.springframework.data.relational.core.mapping.Table.
2023-04-18T18:45:53.744+02:00  INFO 27164 --- [restartedMain] .RepositoryConfigurationExtensionSupport : Spring Data JDBC - Could not safely identify store assignment for repository candidate interface starlight.backend.user.repository.PositionRepository; If you want this repository to be a JDBC repository, consider annotating your entities with one of these annotations: org.springframework.data.relational.core.mapping.Table.
2023-04-18T18:45:53.744+02:00  INFO 27164 --- [restartedMain] .RepositoryConfigurationExtensionSupport : Spring Data JDBC - Could not safely identify store assignment for repository candidate interface starlight.backend.user.repository.UserRepository; If you want this repository to be a JDBC repository, consider annotating your entities with one of these annotations: org.springframework.data.relational.core.mapping.Table.
2023-04-18T18:45:53.745+02:00  INFO 27164 --- [restartedMain] .s.d.r.c.RepositoryConfigurationDelegate : Finished Spring Data repository scanning in 41 ms. Found 0 JDBC repository interfaces.
2023-04-18T18:45:53.755+02:00  INFO 27164 --- [restartedMain] .s.d.r.c.RepositoryConfigurationDelegate : Multiple Spring Data modules found, entering strict repository configuration mode
2023-04-18T18:45:53.756+02:00  INFO 27164 --- [restartedMain] .s.d.r.c.RepositoryConfigurationDelegate : Bootstrapping Spring Data JPA repositories in DEFAULT mode.
2023-04-18T18:45:53.797+02:00  INFO 27164 --- [restartedMain] .s.d.r.c.RepositoryConfigurationDelegate : Finished Spring Data repository scanning in 37 ms. Found 3 JPA repository interfaces.
2023-04-18T18:45:54.567+02:00  INFO 27164 --- [restartedMain] o.s.b.w.embedded.tomcat.TomcatWebServer  : Tomcat initialized with port(s): 8082 (http)
2023-04-18T18:45:54.578+02:00  INFO 27164 --- [restartedMain] o.apache.catalina.core.StandardService   : Starting service [Tomcat]
2023-04-18T18:45:54.578+02:00  INFO 27164 --- [restartedMain] o.apache.catalina.core.StandardEngine    : Starting Servlet engine: [Apache Tomcat/10.1.5]
2023-04-18T18:45:54.666+02:00  INFO 27164 --- [restartedMain] o.a.c.c.C.[Tomcat].[localhost].[/]       : Initializing Spring embedded WebApplicationContext
2023-04-18T18:45:54.667+02:00  INFO 27164 --- [restartedMain] w.s.c.ServletWebServerApplicationContext : Root WebApplicationContext: initialization completed in 2311 ms
2023-04-18T18:45:54.802+02:00  INFO 27164 --- [restartedMain] com.zaxxer.hikari.HikariDataSource       : HikariPool-1 - Starting...
2023-04-18T18:45:54.979+02:00  INFO 27164 --- [restartedMain] com.zaxxer.hikari.pool.HikariPool        : HikariPool-1 - Added connection org.postgresql.jdbc.PgConnection@36ecc981
2023-04-18T18:45:54.980+02:00  INFO 27164 --- [restartedMain] com.zaxxer.hikari.HikariDataSource       : HikariPool-1 - Start completed.
2023-04-18T18:45:54.996+02:00  INFO 27164 --- [restartedMain] o.s.b.a.h2.H2ConsoleAutoConfiguration    : H2 console available at '/h2-console'. Database available at 'jdbc:postgresql://localhost:8083/dbname'
2023-04-18T18:45:55.365+02:00  INFO 27164 --- [restartedMain] liquibase.database                       : Set default schema name to public
2023-04-18T18:45:55.489+02:00  INFO 27164 --- [restartedMain] liquibase.lockservice                    : Successfully acquired change log lock
2023-04-18T18:45:55.830+02:00  INFO 27164 --- [restartedMain] liquibase.changelog                      : Reading from public.databasechangelog
2023-04-18T18:45:55.922+02:00  INFO 27164 --- [restartedMain] liquibase.lockservice                    : Successfully released change log lock
2023-04-18T18:45:56.035+02:00  INFO 27164 --- [restartedMain] o.hibernate.jpa.internal.util.LogHelper  : HHH000204: Processing PersistenceUnitInfo [name: default]
2023-04-18T18:45:56.109+02:00  INFO 27164 --- [restartedMain] org.hibernate.Version                    : HHH000412: Hibernate ORM core version 6.1.7.Final
2023-04-18T18:45:56.499+02:00  INFO 27164 --- [restartedMain] SQL dialect                              : HHH000400: Using dialect: org.hibernate.dialect.PostgreSQLDialect
2023-04-18T18:45:57.757+02:00  INFO 27164 --- [restartedMain] o.h.e.t.j.p.i.JtaPlatformInitiator       : HHH000490: Using JtaPlatform implementation: [org.hibernate.engine.transaction.jta.platform.internal.NoJtaPlatform]
2023-04-18T18:45:57.769+02:00  INFO 27164 --- [restartedMain] j.LocalContainerEntityManagerFactoryBean : Initialized JPA EntityManagerFactory for persistence unit 'default'
2023-04-18T18:45:59.765+02:00  WARN 27164 --- [restartedMain] JpaBaseConfiguration$JpaWebConfiguration : spring.jpa.open-in-view is enabled by default. Therefore, database queries may be performed during view rendering. Explicitly configure spring.jpa.open-in-view to disable this warning
2023-04-18T18:46:00.612+02:00  INFO 27164 --- [restartedMain] o.s.b.a.e.web.EndpointLinksResolver      : Exposing 4 endpoint(s) beneath base path '/actuator'
2023-04-18T18:46:00.783+02:00  INFO 27164 --- [restartedMain] o.s.s.web.DefaultSecurityFilterChain     : Will secure any request with [org.springframework.security.web.session.DisableEncodeUrlFilter@3ef2724d, org.springframework.security.web.context.request.async.WebAsyncManagerIntegrationFilter@6c90030, org.springframework.security.web.context.SecurityContextHolderFilter@6e60d805, org.springframework.security.web.header.HeaderWriterFilter@432bac96, org.springframework.web.filter.CorsFilter@7d68d08e, org.springframework.security.web.authentication.logout.LogoutFilter@751f26de, org.springframework.security.oauth2.server.resource.web.authentication.BearerTokenAuthenticationFilter@30c9626d, org.springframework.security.web.authentication.www.BasicAuthenticationFilter@4d3262dd, org.springframework.security.web.savedrequest.RequestCacheAwareFilter@668e6ba4, org.springframework.security.web.servletapi.SecurityContextHolderAwareRequestFilter@66bbe19f, org.springframework.security.web.authentication.AnonymousAuthenticationFilter@78927884, org.springframework.security.web.session.SessionManagementFilter@1d24e8ec, org.springframework.security.web.access.ExceptionTranslationFilter@36a5c7ee, org.springframework.security.web.access.intercept.AuthorizationFilter@7a7e62f9]
2023-04-18T18:46:01.570+02:00  INFO 27164 --- [restartedMain] o.s.b.d.a.OptionalLiveReloadServer       : LiveReload server is running on port 35729
2023-04-18T18:46:01.697+02:00  INFO 27164 --- [restartedMain] o.s.b.w.embedded.tomcat.TomcatWebServer  : Tomcat started on port(s): 8082 (http) with context path ''
2023-04-18T18:46:01.717+02:00  INFO 27164 --- [restartedMain] starlight.backend.StarlightApplication   : Started StarlightApplication in 10.021 seconds (process running for 10.975)
2023-04-18T18:46:02.255+02:00  INFO 27164 --- [RMI TCP Connection(6)-26.201.155.15] o.a.c.c.C.[Tomcat].[localhost].[/]       : Initializing Spring DispatcherServlet 'dispatcherServlet'
2023-04-18T18:46:02.256+02:00  INFO 27164 --- [RMI TCP Connection(6)-26.201.155.15] o.s.web.servlet.DispatcherServlet        : Initializing Servlet 'dispatcherServlet'
2023-04-18T18:46:02.257+02:00  INFO 27164 --- [RMI TCP Connection(6)-26.201.155.15] o.s.web.servlet.DispatcherServlet        : Completed initialization in 1 ms
2023-04-18T18:50:26.872+02:00  INFO 27164 --- [SpringApplicationShutdownHook] j.LocalContainerEntityManagerFactoryBean : Closing JPA EntityManagerFactory for persistence unit 'default'
2023-04-18T18:50:26.877+02:00  INFO 27164 --- [SpringApplicationShutdownHook] com.zaxxer.hikari.HikariDataSource       : HikariPool-1 - Shutdown initiated...
2023-04-18T18:50:26.882+02:00  INFO 27164 --- [SpringApplicationShutdownHook] com.zaxxer.hikari.HikariDataSource       : HikariPool-1 - Shutdown completed.
